<?xml version="1.0" encoding="utf-8"?><testsuites name="pytest tests"><testsuite name="pytest" errors="0" failures="0" skipped="0" tests="5" time="33.068" timestamp="2026-05-08T03:06:48.414200+00:00" hostname="agent-env-42c53705-5341-4fab-a749-fb3eff219960"><testcase classname="backend.tests.test_iteration3.TestBitacoraPlanDefault" name="test_create_default_aplicada_false_no_descuenta" time="8.648" /><testcase classname="backend.tests.test_iteration3.TestAplicarDesaplicar" name="test_aplicar_descuenta_y_idempotente" time="7.159" /><testcase classname="backend.tests.test_iteration3.TestAplicarDesaplicar" name="test_desaplicar_revierte" time="6.807" /><testcase classname="backend.tests.test_iteration3.TestPedidosPlanes" name="test_pedidos_solo_planes_y_compras_en_rango" time="6.714" /><testcase classname="backend.tests.test_iteration3.TestMigracion" name="test_existing_bitacoras_have_aplicada_field" time="3.676" /></testsuite></testsuites>