<?xml version="1.0" encoding="utf-8"?><testsuites name="pytest tests"><testsuite name="pytest" errors="0" failures="0" skipped="0" tests="16" time="6.326" timestamp="2026-04-30T01:53:57.017618+00:00" hostname="agent-env-42c53705-5341-4fab-a749-fb3eff219960"><testcase classname="backend.tests.backend_test.TestAuth" name="test_login_admin" time="0.786" /><testcase classname="backend.tests.backend_test.TestAuth" name="test_login_invalid" time="0.378" /><testcase classname="backend.tests.backend_test.TestAuth" name="test_me_requires_token" time="0.138" /><testcase classname="backend.tests.backend_test.TestAuth" name="test_me_ok" time="0.481" /><testcase classname="backend.tests.backend_test.TestUsers" name="test_list_users_admin" time="0.132" /><testcase classname="backend.tests.backend_test.TestUsers" name="test_create_and_delete_user" time="0.600" /><testcase classname="backend.tests.backend_test.TestConfig" name="test_put_get_config" time="0.233" /><testcase classname="backend.tests.backend_test.TestE2E" name="test_modulo_listed" time="0.549" /><testcase classname="backend.tests.backend_test.TestE2E" name="test_inventario_after_compra" time="0.114" /><testcase classname="backend.tests.backend_test.TestE2E" name="test_bitacora_descuenta_inventario" time="0.997" /><testcase classname="backend.tests.backend_test.TestE2E" name="test_inventario_ajuste" time="0.444" /><testcase classname="backend.tests.backend_test.TestPermissions" name="test_monitor_cannot_create_user" time="0.798" /><testcase classname="backend.tests.backend_test.TestPermissions" name="test_monitor_cannot_create_modulo" time="0.112" /><testcase classname="backend.tests.backend_test.TestPermissions" name="test_monitor_cannot_create_producto" time="0.103" /><testcase classname="backend.tests.backend_test.TestPermissions" name="test_monitor_cannot_ajuste" time="0.105" /><testcase classname="backend.tests.backend_test.TestPermissions" name="test_monitor_can_read_modulos" time="0.112" /></testsuite></testsuites>