<?xml version="1.0" encoding="utf-8"?><testsuites name="pytest tests"><testsuite name="pytest" errors="0" failures="0" skipped="0" tests="16" time="7.783" timestamp="2026-05-02T02:58:06.206189+00:00" hostname="agent-env-42c53705-5341-4fab-a749-fb3eff219960"><testcase classname="backend.tests.backend_test.TestAuth" name="test_login_admin" time="0.495" /><testcase classname="backend.tests.backend_test.TestAuth" name="test_login_invalid" time="0.373" /><testcase classname="backend.tests.backend_test.TestAuth" name="test_me_requires_token" time="0.133" /><testcase classname="backend.tests.backend_test.TestAuth" name="test_me_ok" time="0.504" /><testcase classname="backend.tests.backend_test.TestConfig" name="test_config_has_monitor_field" time="0.119" /><testcase classname="backend.tests.backend_test.TestConfig" name="test_put_config_monitor" time="0.274" /><testcase classname="backend.tests.backend_test.TestProductosDup" name="test_duplicate_name_rejected" time="0.369" /><testcase classname="backend.tests.backend_test.TestComprasMulti" name="test_compra_multi_item_converts_units" time="0.822" /><testcase classname="backend.tests.backend_test.TestBitacorasBatchPedidos" name="test_batch_creates_n_and_a_pedir" time="1.135" /><testcase classname="backend.tests.backend_test.TestBitacorasBatchPedidos" name="test_a_pedir_zero_when_stock_exceeds" time="0.523" /><testcase classname="backend.tests.backend_test.TestDashboard" name="test_dashboard_admin_only" time="1.490" /><testcase classname="backend.tests.backend_test.TestDashboard" name="test_cultivo_normalized_and_variedad" time="0.107" /><testcase classname="backend.tests.backend_test.TestAjustes" name="test_ajuste_admin_revisado_true" time="0.235" /><testcase classname="backend.tests.backend_test.TestAjustes" name="test_ajuste_jefe_requires_review" time="0.448" /><testcase classname="backend.tests.backend_test.TestAjustes" name="test_monitor_cannot_ajustar" time="0.112" /><testcase classname="backend.tests.backend_test.TestAjustes" name="test_monitor_cannot_see_pendientes" time="0.579" /></testsuite></testsuites>